1:1.mp3
2:2.mp3
3:3.mp3
4:4.mp3
5:5.mp3
6:6.mp3
7:7.mp3
8:8.mp3
9:9.mp3
10:10.mp3
11:11.mp3
12:12.mp3
13:13.mp3
14:14.mp3
15:15.mp3
16:16.mp3
17:17.mp3
18:18.mp3
19:19.mp3
20:20.mp3
21:21.mp3
22:22.mp3
23:23.mp3
24:24.mp3
25:25.mp3
26:26.mp3
27:27.mp3
28:28.mp3
29:29.mp3
30:30.mp3
31:31.mp3
32:32.mp3
48:m42-2.mp3
49:log-in-long2.mp3
50:50.mp3
51:51.mp3
52:52.mp3
53:53.mp3
54:54.mp3
55:55.mp3
56:56.mp3
57:57.mp3
60:60.mp3
61:61.mp3
62:62.mp3
63:63.mp3
64:64.mp3
65:65.mp3
70:70.mp3
71:71.mp3
72:72.mp3
73:73.mp3
80:80.mp3
81:81.mp3
82:82.mp3
83:83.mp3
91:91.mp3
92:92.mp3
100:100.mp3
101:101.mp3
102:102.mp3
103:103.mp3
104:104.mp3
105:105.mp3
106:106.mp3
107:107.mp3
108:108.mp3
109:109.mp3
110:110.mp3
111:111.mp3
112:112.mp3
113:113.mp3
114:114.mp3
115:115.mp3
116:116.mp3
117:117.mp3
118:118.mp3
122:122.mp3
123:123.mp3
124:124.mp3
125:125.mp3
126:126.mp3
130:m7-1.mp3
131:m7-2.mp3
132:m12-1.mp3
133:m25-1.mp3
134:m27-L.mp3
135:m27-R.mp3
136:m26-1.mp3
137:m26-3.mp3
138:138.mp3
139:139.mp3
140:m34-1.mp3
141:m38-0.mp3
142:m38-1.mp3
143:
144:144.mp3
145:145.mp3
160:160-1.mp3
161:160-2.mp3
162:162.mp3
163:163.mp3
164:164.mp3
165:165.mp3
166:166.mp3
167:167.mp3
168:168.mp3
169:169-1.mp3
170:169-2.mp3
171:171.mp3
172:172.mp3
173:173.mp3
210:Field2.mp3
211:210-1.mp3
212:210-2.mp3
213:herologin.mp3
214:210-4.mp3
215:210-5.mp3
291:290-1.mp3
292:290-2.mp3
293:herologout.mp3
294:290-4.mp3
295:290-5.mp3
300:300-1.mp3
301:300-1.mp3
302:300-2.mp3
303:
304:300-4.mp3
305:300-5.mp3
400:game_over2.mp3
401:400-1.mp3
402:400-2.mp3
403:400-3.mp3
404:400-4.mp3
405:400-5.mp3
410:
411:410-1.mp3
412:410-2.mp3
413:
414:410-4.mp3
415:410-5.mp3
420:
421:420-1.mp3
422:420-2.mp3
423:
424:420-4.mp3
425:420-5.mp3
430:
431:430-1.mp3
432:430-2.mp3
433:430-3.mp3
434:430-4.mp3
435:430-5.mp3
440:
441:440-1.mp3
442:440-2.mp3
443:
444:440-4.mp3
445:440-5.mp3
450:
451:450-1.mp3
452:450-2.mp3
453:450-3.mp3
454:450-4.mp3
455:450-5.mp3
460:
461:460-1.mp3
462:460-2.mp3
463:460-3.mp3
464:460-4.mp3
465:460-5.mp3
470:
471:470-1.mp3
472:470-2.mp3
473:
474:470-4.mp3
475:470-5.mp3
480:
481:480-1.mp3
482:480-2.mp3
483:
484:480-4.mp3
485:480-5.mp3
490:
491:490-1.mp3
492:490-2.mp3
493:
494:490-4.mp3
495:490-5.mp3
500:
501:500-1.mp3
502:500-2.mp3
503:
504:500-4.mp3
505:500-5.mp3
510:
511:510-1.mp3
512:510-2.mp3
513:
514:510-4.mp3
515:510-5.mp3
520:
521:520-1.mp3
522:520-2.mp3
523:
524:520-4.mp3
525:520-5.mp3
530:
531:530-1.mp3
532:530-2.mp3
533:
534:530-4.mp3
535:530-5.mp3
540:
541:540-1.mp3
542:540-2.mp3
543:540-3.mp3
544:540-4.mp3
545:540-5.mp3
560:
561:560-1.mp3
562:560-2.mp3
563:
564:560-4.mp3
565:560-5.mp3
570:m17-3.mp3
571:
572:54.mp3
573:64.mp3
574:
575:570-5.mp3
580:
581:580-1.mp3
582:580-2.mp3
583:
584:580-4.mp3
585:580-5.mp3
590:
591:590-1.mp3
592:590-2.mp3
593:
594:590-4.mp3
595:590-5.mp3
600:
601:600-1.mp3
602:600-2.mp3
603:
604:600-4.mp3
605:600-5.mp3
610:
611:610-1.mp3
612:610-2.mp3
613:
614:610-4.mp3
615:610-5.mp3
620:
621:620-1.mp3
622:620-2.mp3
623:
624:620-4.mp3
625:620-5.mp3
630:
631:630-1.mp3
632:630-2.mp3
633:
634:630-4.mp3
635:630-5.mp3
640:
641:640-1.mp3
642:640-2.mp3
643:
644:640-4.mp3
645:640-5.mp3
650:
651:650-1.mp3
652:650-2.mp3
653:
654:650-4.mp3
655:650-5.mp3
660:
661:660-1.mp3
662:660-2.mp3
663:
664:660-4.mp3
665:660-5.mp3
670:
671:670-1.mp3
672:670-2.mp3
673:
674:670-4.mp3
675:670-5.mp3
680:
681:680-1.mp3
682:680-2.mp3
683:
684:680-4.mp3
685:680-5.mp3
690:
691:680-1.mp3
692:680-2.mp3
693:
694:680-4.mp3
695:680-5.mp3
700:700-0.mp3
701:700-1.mp3
702:700-2.mp3
703:
704:700-4.mp3
705:700-5.mp3
710:710-0.mp3
711:710-1.mp3
712:710-2.mp3
713:
714:710-4.mp3
715:710-5.mp3
720:710-0.mp3
721:720-1.mp3
722:720-2.mp3
723:
724:720-4.mp3
725:720-5.mp3
730:710-0.mp3
731:730-1.mp3
732:730-2.mp3
733:
734:730-4.mp3
735:730-5.mp3
810:
811:810-1.mp3
812:810-2.mp3
813:
814:810-4.mp3
815:810-5.mp3
820:
821:820-1.mp3
822:820-2.mp3
823:
824:820-4.mp3
825:
830:830-0.mp3
831:830-1.mp3
832:830-2.mp3
833:
834:830-4.mp3
835:830-5.mp3
900:
901:900-1.mp3
902:900-2.mp3
903:
904:900-4.mp3
905:900-5.mp3
930:
931:930-1.mp3
932:930-2.mp3
933:
934:930-4.mp3
935:930-5.mp3
940:940-0.mp3
941:940-1.mp3
942:940-2.mp3
943:940-3.mp3
944:940-4.mp3
945:940-5.mp3
1000:
1001:
1002:1000-2.mp3
1003:
1004:
1005:1000-5.mp3
1006:1000-6.mp3
1010:
1011:1010-1.mp3
1012:1010-2.mp3
1013:
1014:1010-4.mp3
1015:1010-5.mp3
1020:
1021:1020-1.mp3
1022:1020-2.mp3
1023:
1024:1020-4.mp3
1025:1020-5.mp3
1030:
1031:
1032:1030-2.mp3
1033:
1034:
1035:1030-5.mp3
1100:
1101:1100-1.mp3
1102:1100-2.mp3
1103:
1104:1100-4.mp3
1105:1100-5.mp3
1110:
1111:1110-1.mp3
1112:1110-2.mp3
1113:
1114:1110-4.mp3
1115:1110-5.mp3
1120:
1121:1360-1.mp3
1122:1360-2.mp3
1123:1360-3.mp3
1124:1360-4.mp3
1125:1360-5.mp3
1130:
1131:1360-1.mp3
1132:1360-2.mp3
1133:1360-3.mp3
1134:1360-4.mp3
1135:1360-5.mp3
1200:
1201:1200-1.mp3
1202:1200-2.mp3
1203:
1204:1200-4.mp3
1205:1200-5.mp3
1210:
1211:1210-1.mp3
1212:1210-2.mp3
1213:1220-3.mp3
1214:1210-4.mp3
1215:1210-5.mp3
1220:
1221:1220-1.mp3
1222:1220-2.mp3
1223:1220-3.mp3
1224:1220-4.mp3
1225:1220-5.mp3
1230:
1231:1230-1.mp3
1232:1230-2.mp3
1233:
1234:1230-4.mp3
1235:1230-5.mp3
1240:
1241:1240-1.mp3
1242:1240-2.mp3
1243:
1244:1240-4.mp3
1245:1240-5.mp3
1250:
1251:1240-1.mp3
1252:1240-2.mp3
1253:
1254:1240-4.mp3
1255:1240-5.mp3
1260:
1261:1260-1.mp3
1262:1260-2.mp3
1263:
1264:1260-4.mp3
1265:1260-5.mp3
1270:
1271:1260-1.mp3
1272:1260-2.mp3
1273:
1274:1260-4.mp3
1275:1260-5.mp3
1300:
1301:1310-1.mp3
1302:1310-2.mp3
1303:
1304:1310-4.mp3
1305:1310-5.mp3
1310:
1311:1310-1.mp3
1312:1310-2.mp3
1313:
1314:1310-4.mp3
1315:1310-5.mp3
1320:
1321:1320-1.mp3
1322:
1323:1320-3.mp3
1324:1320-4.mp3
1325:1320-5.mp3
1330:
1331:1330-1.mp3
1332:1330-2.mp3
1333:1330-3.mp3
1334:1330-4.mp3
1335:1330-5.mp3
1340:
1341:1340-1.mp3
1342:1340-2.mp3
1343:1340-3.mp3
1344:1340-4.mp3
1345:1340-5.mp3
1350:
1351:1350-1.mp3
1352:1350-2.mp3
1353:
1354:1350-4.mp3
1355:1350-5.mp3
1360:
1361:1360-1.mp3
1362:1360-2.mp3
1363:1360-3.mp3
1364:1360-4.mp3
1365:1360-5.mp3
1370:
1371:1370-1.mp3
1372:1370-2.mp3
1373:1370-3.mp3
1374:1370-4.mp3
1375:1370-5.mp3
1380:
1381:1380-1.mp3
1382:1380-2.mp3
1383:
1384:1380-4.mp3
1385:1380-5.mp3
1390:
1391:1390-1.mp3
1392:1390-2.mp3
1393:1390-3.mp3
1394:1390-4.mp3
1395:1390-5.mp3
1400:
1401:1400-1.mp3
1402:1400-2.mp3
1403:
1404:1400-4.mp3
1405:1400-5.mp3
1410:
1411:1410-1.mp3
1412:1410-2.mp3
1413:
1414:1410-4.mp3
1415:1410-5.mp3
1500:
1501:1500-1.mp3
1502:1500-2.mp3
1503:1500-3.mp3
1504:1500-4.mp3
1505:1500-5.mp3
1510:
1511:1510-1.mp3
1512:1510-2.mp3
1513:1510-3.mp3
1514:1510-4.mp3
1515:1510-5.mp3
1520:
1521:1520-1.mp3
1522:1520-2.mp3
1523:
1524:1520-4.mp3
1525:1520-5.mp3
1530:
1531:1530-1.mp3
1532:
1533:
1534:1530-4.mp3
1535:1530-5.mp3
1600:1600-0.mp3
1601:
1602:1600-2.mp3
1603:
1604:1600-4.mp3
1605:1600-5.mp3
1700:
1701:1700-1.mp3
1702:1700-2.mp3
1703:1700-2.mp3
1704:1700-4.mp3
1705:1700-5.mp3
1710:
1711:1710-1.mp3
1712:1710-2.mp3
1713:
1714:1710-4.mp3
1715:1710-5.mp3
1720:
1721:1720-1.mp3
1722:1720-2.mp3
1723:
1724:1720-4.mp3
1725:1720-5.mp3
1800:
1801:1800-1.mp3
1802:1800-2.mp3
1803:
1804:1800-4.mp3
1805:1800-5.mp3
1810:
1811:1810-1.mp3
1812:1810-2.mp3
1813:
1814:1810-4.mp3
1815:1810-5.mp3
1820:
1821:1820-1.mp3
1822:1820-2.mp3
1823:
1824:1820-4.mp3
1825:1820-5.mp3
1830:
1831:1830-1.mp3
1832:1830-2.mp3
1833:
1834:1830-4.mp3
1835:1830-5.mp3
1900:m30-3.mp3
1901:1900-1.mp3
1902:
1903:
1904:1900-4.mp3
1905:1900-5.mp3
1910:1910-0.mp3
1911:1910-1.mp3
1912:1910-2.mp3
1913:1910-3.mp3
1914:1910-4.mp3
1915:1910-5.mp3
1920:1920-0.mp3
1921:1920-1.mp3
1922:m11-1.mp3
1923:m11-2.mp3
1924:1920-4.mp3
1925:1920-5.mp3
2000:
2001:2000-1.mp3
2002:2000-2.mp3
2003:2000-3.mp3
2004:2000-4.mp3
2005:2000-5.mp3
2010:
2011:2010-1.mp3
2012:2010-2.mp3
2013:2010-3.mp3
2014:2010-4.mp3
2015:2010-5.mp3
2020:
2021:2020-1.mp3
2022:2020-2.mp3
2023:2020-3.mp3
2024:2020-4.mp3
2025:2020-5.mp3
2100:
2101:2100-1.mp3
2102:2100-2.mp3
2103:2100-3.mp3
2104:2100-4.mp3
2105:2100-5.mp3
2110:
2111:2110-1.mp3
2112:2110-2.mp3
2113:2110-3.mp3
2114:2110-4.mp3
2115:2110-5.mp3
2120:
2121:2120-1.mp3
2122:2120-2.mp3
2123:2120-3.mp3
2124:2120-4.mp3
2125:2120-5.mp3
2130:
2131:2130-1.mp3
2132:2130-2.mp3
2133:2130-3.mp3
2134:2130-4.mp3
2135:2130-5.mp3
2140:
2141:2140-1.mp3
2142:2130-2.mp3
2143:2140-3.mp3
2144:2130-4.mp3
2145:2130-5.mp3
2150:
2151:2150-1.mp3
2152:2130-2.mp3
2153:2150-3.mp3
2154:2130-4.mp3
2155:2130-5.mp3
2160:2160-0.mp3
2161:2160-1.mp3
2162:2160-2.mp3
2163:2160-3.mp3
2164:2160-4.mp3
2165:2160-5.mp3
2200:
2201:2200-1.mp3
2202:2200-2.mp3
2203:2200-3.mp3
2204:2200-4.mp3
2205:2200-5.mp3
2210:
2211:2210-1.mp3
2212:2210-2.mp3
2213:2210-3.mp3
2214:2210-4.mp3
2215:2210-5.mp3
2220:
2221:2220-1.mp3
2222:2220-2.mp3
2223:2220-3.mp3
2224:2220-4.mp3
2225:2220-5.mp3
2230:
2231:2230-1.mp3
2232:2230-2.mp3
2233:2230-3.mp3
2234:2230-4.mp3
2235:2230-5.mp3
2240:
2241:2240-1.mp3
2242:2240-2.mp3
2243:2240-3.mp3
2244:2240-4.mp3
2245:2240-5.mp3
2250:
2251:2250-1.mp3
2252:2250-2.mp3
2253:2250-3.mp3
2254:2250-4.mp3
2255:2250-5.mp3
2260:
2261:2260-1.mp3
2262:2260-2.mp3
2263:2260-3.mp3
2264:2260-4.mp3
2265:2260-5.mp3
2270:
2271:2270-1.mp3
2272:2270-2.mp3
2273:2270-3.mp3
2274:2270-4.mp3
2275:2270-5.mp3
2276:2270.mp3
2300:
2301:2300-1.mp3
2302:2300-2.mp3
2303:2300-3.mp3
2304:2300-4.mp3
2305:2300-5.mp3
2306:2300-6.mp3
2310:
2311:2310-1.mp3
2312:
2313:2310-3.mp3
2314:2310-4.mp3
2315:2310-5.mp3
2320:
2321:2320-1.mp3
2322:
2323:2320-3.mp3
2324:2320-4.mp3
2325:2320-5.mp3
2330:
2331:2330-1.mp3
2332:
2333:2330-3.mp3
2334:2330-4.mp3
2335:2330-5.mp3
2340:
2341:2340-1.mp3
2342:
2343:2340-3.mp3
2344:2340-4.mp3
2345:2340-5.mp3
2350:
2351:2350-1.mp3
2352:
2353:2350-3.mp3
2354:2350-4.mp3
2355:2350-5.mp3
2360:
2361:
2362:
2363:
2364:
2365:
2370:
2371:2370-1.mp3
2372:
2373:2370-3.mp3
2374:2370-4.mp3
2375:2370-5.mp3
2380:
2381:2370-1.mp3
2382:
2383:2380-3.mp3
2384:2370-4.mp3
2385:2370-5.mp3
2390:
2391:2390-1.mp3
2392:
2393:2390-3.mp3
2394:2390-4.mp3
2395:2390-5.mp3
2396:2390-6.mp3
2400:
2401:2400-1.mp3
2402:2400-2.mp3
2403:
2404:2400-4.mp3
2405:2400-5.mp3
2406:2400-6.mp3
2410:
2411:2410-1.mp3
2412:2410-2.mp3
2413:
2414:2410-4.mp3
2415:2410-5.mp3
2416:2410-6.mp3
2420:
2421:2420-1.mp3
2422:2420-2.mp3
2423:
2424:2420-4.mp3
2425:2420-5.mp3
2426:2420-6.mp3
2430:
2431:2430-1.mp3
2432:2430-2.mp3
2433:
2434:2430-4.mp3
2435:2430-5.mp3
2436:2430-6.mp3
2437:2430-7.mp3
2780:
2781:1200-1.mp3
2782:1200-2.mp3
2783:
2784:1200-4.mp3
2785:1200-5.mp3
2790:
2791:630-1.mp3
2792:65.mp3
2793:
2794:630-4.mp3
2795:630-5.mp3
2800:
2801:1100-1.mp3
2802:1100-2.mp3
2803:
2804:1100-4.mp3
2805:1100-5.mp3
2810
2811:900-1.mp3
2812:900-2.mp3
2813:
2814:900-4.mp3
2815:900-5.mp3
2820:
2821:1200-1.mp3
2822:1200-2.mp3
2823:
2824:1200-4.mp3
2825:1200-5.mp3
2840:
2841:210-1.mp3
2842:210-2.mp3
2843:
2844:210-4.mp3
2845:210-5.mp3
8200:
8201:8200-1.mp3
8202:8200-2.mp3
8203:8200-3.mp3
8204:8200-4.mp3
8205:
8206:8200-6.mp3
8207:8200-7.mp3
8208:8200-8.mp3
8220:
8221:
8222:8220-6.mp3
8223:
8224:
8225:
8226:
8227:
8301:8300-1.mp3
8302:8300-2.mp3
9200:9200-0.mp3
9201:
9202:9200-2.mp3
9203:
9204:9200-4.mp3
9205:9200-5.mp3
9210:9210-0.mp3
9211:
9212:
9213:
9214:9210-4.mp3
9215:9210-5.mp3
9220:9210-0.mp3
9221:
9222:
9223:
9224:9220-4.mp3
9225:9210-5.mp3
9230:9210-0.mp3
9231:
9232:
9233:
9234:9220-4.mp3
9235:9210-5.mp3
10010:m1-1.mp3
10011:m1-2.mp3
10012:m1-3.mp3
10020:m2-1.mp3
10021:
10022:m2-3.mp3
10050:m5-1.mp3
10051:m5-2.mp3
10052:m5-3.mp3
10060:m6-1.mp3
10061:m6-2.mp3
10062:m6-3.mp3
10080:m8-2.mp3
10081:
10082:
10090:m9-1.mp3
10091:
10092:m9-3.mp3
10100:m10-1.mp3
10110:
10111:m11-1.mp3
10112:m11-2.mp3
10120:m12-1.mp3
10130:m13-1.mp3
10131:m13-2.mp3
10132:m13-3.mp3
10140:
10141:m14-2.mp3
10142:m14-3.mp3
10150:
10151:m15-2.mp3
10152:m15-3.mp3
10160:m16-1.mp3
10161:
10162:m16-3.mp3
10170:m17-1.mp3
10171:
10172:
10180:m18-1.mp3
10181:
10182:
10190:
10191:m19-2.mp3
10192:m19-3.mp3
10200:m20-1.mp3
10201:
10202:m20-3.mp3
10210:m21-1.mp3
10211:
10212:
10220:m22-1.mp3
10221:m22-2.mp3
10222:m22-3.mp3
10230:m23-1.mp3
10231:
10232:m23-3.mp3
10240:m24-1.mp3
10241:m24-2.mp3
10242:
10280:m28-1.mp3
10281:
10282:m28-3.mp3
10290:m29-1.mp3
10291:
10292:m29-3.mp3
10300:m30-1.mp3
10301:
10302:
10310:m31-1.mp3
10311:
10312:
10320:m32-1.mp3
10321:
10322:m32-3.mp3
10330:m33-1.mp3
10331:
10332:m33-3.mp3
10350:m35-1.mp3
10351:
10352:m35-1.mp3
10360:m36-1.mp3
10361:
10362:
10370:m37-1.mp3
10371:
10372:
10390:m39-0.mp3
10391:m39-1.mp3
10392:m39-2.mp3
10393:m39-3.mp3
10400:m40-0.mp3
10401:m40-1.mp3
10402:
10410:m41-0.mp3
10420:m42-0.mp3
10430:m43-0.mp3
10440:m44-0.mp3
10450:m45-0.mp3
10461:m46-1.mp3
10470:m47-0.mp3
10472:m47-2.mp3
10475:m47-5.mp3
10480:m48-0.mp3
10482:m48-2.mp3
10485:m48-5.mp3
10490:m49-0.mp3
10491:m49-1.mp3
10492:m49-2.mp3
10493:newysound-mix.mp3
10510:m51-0.mp3
10511:
10512:m51-2.mp3
10520:m52-0.mp3
10521:m52-1.mp3
10522:m52-2.mp3
10530:m53-0.mp3
10531:
10532:m53-2.mp3
10540:m54-0.mp3
10541:
10542:m54-2.mp3
10550:m55-0.mp3
10551:
10552:m55-2.mp3
10580:m58-0.mp3
11000:m100-0.mp3
11001:
11002:m100-2.mp3
11010:m101-0.mp3
11011:
11012:m101-2.mp3
11013:3400-0.mp3
11014:3400-2.mp3
11015:3400-5.mp3
11016:3410-2.mp3
11017:3460-2.mp3
11018:3460-5.mp3
11019:3460-7.mp3
11020:3470-1.mp3
11021:3470-2.mp3
11022:3470-5.mp3
11023:3480-2.mp3
11024:3480-7.mp3
11025:3490-2.mp3
11026:3490-5.mp3
11027:3490-7.mp3
11028:3500-2.mp3
11029:3500-5.mp3
11030:3510-2.mp3
11031:3520-0.mp3
11032:3520-1.mp3
11033:3520-2.mp3
11034:3520-5.mp3
11035:3520-7.mp3
11036:3520-8.mp3
11037:3520-9.mp3
11038:3530-2.mp3
11039:3530-5.mp3
11040:3530-7.mp3